<?xml version="1.0" encoding="utf-8"?><testsuites><testsuite name="pytest" errors="0" failures="0" skipped="0" tests="85" time="20.801" timestamp="2026-05-29T05:31:19.372925+00:00" hostname="agent-env-025a3339-5a34-4294-94ea-14efe2cd36f6"><testcase classname="backend.tests.test_backend_api.TestHealth" name="test_health" time="0.198" /><testcase classname="backend.tests.test_backend_api.TestAgents" name="test_list_seven_agents" time="0.051" /><testcase classname="backend.tests.test_backend_api.TestAgents" name="test_sovereign_is_orchestrator" time="0.044" /><testcase classname="backend.tests.test_backend_api.TestAgents" name="test_execute_known_agent" time="0.060" /><testcase classname="backend.tests.test_backend_api.TestAgents" name="test_execute_unknown_agent_404" time="0.048" /><testcase classname="backend.tests.test_backend_api.TestSovereign" name="test_status" time="0.047" /><testcase classname="backend.tests.test_backend_api.TestSovereign" name="test_decisions" time="0.044" /><testcase classname="backend.tests.test_backend_api.TestApprovals" name="test_list" time="0.047" /><testcase classname="backend.tests.test_backend_api.TestApprovals" name="test_decide_approve" time="0.051" /><testcase classname="backend.tests.test_backend_api.TestApprovals" name="test_decide_bogus_returns_400" time="0.042" /><testcase classname="backend.tests.test_backend_api.TestApprovals" name="test_decide_missing_id_returns_404" time="0.046" /><testcase classname="backend.tests.test_backend_api.TestAdvisor" name="test_ask" time="7.330" /><testcase classname="backend.tests.test_backend_api.TestAdvisor" name="test_empty_question_400" time="0.044" /><testcase classname="backend.tests.test_backend_api.TestRevenue" name="test_streams" time="0.051" /><testcase classname="backend.tests.test_backend_api.TestRevenue" name="test_stats" time="0.044" /><testcase classname="backend.tests.test_backend_api.TestRevenue" name="test_ledger_progress" time="0.045" /><testcase classname="backend.tests.test_backend_api.TestOps" name="test_ops_endpoint_200[/scout/opportunities]" time="0.047" /><testcase classname="backend.tests.test_backend_api.TestOps" name="test_ops_endpoint_200[/deployments]" time="0.044" /><testcase classname="backend.tests.test_backend_api.TestOps" name="test_ops_endpoint_200[/builds]" time="0.043" /><testcase classname="backend.tests.test_backend_api.TestOps" name="test_ops_endpoint_200[/audit]" time="0.045" /><testcase classname="backend.tests.test_backend_api.TestOps" name="test_ops_endpoint_200[/books]" time="0.045" /><testcase classname="backend.tests.test_backend_api.TestOps" name="test_ops_endpoint_200[/proposals]" time="0.045" /><testcase classname="backend.tests.test_backend_api.TestOps" name="test_ops_endpoint_200[/secrets]" time="0.047" /><testcase classname="backend.tests.test_backend_api.TestOps" name="test_ops_endpoint_200[/cost]" time="0.045" /><testcase classname="backend.tests.test_backend_api.TestOps" name="test_ops_endpoint_200[/proof-of-work]" time="0.043" /><testcase classname="backend.tests.test_backend_api.TestOps" name="test_ops_endpoint_200[/distillation/status]" time="0.049" /><testcase classname="backend.tests.test_backend_api.TestOps" name="test_ops_endpoint_200[/analytics]" time="0.045" /><testcase classname="backend.tests.test_backend_api.TestOps" name="test_ops_endpoint_200[/cycle/status]" time="0.045" /><testcase classname="backend.tests.test_backend_api.TestOps" name="test_scout_opportunities_shape" time="0.043" /><testcase classname="backend.tests.test_backend_api.TestOps" name="test_audit_minimum_rows" time="0.043" /><testcase classname="backend.tests.test_backend_api.TestOps" name="test_distillation_routing" time="0.044" /><testcase classname="backend.tests.test_backend_api.TestOps" name="test_cost_categories" time="0.047" /><testcase classname="backend.tests.test_backend_api.TestOps" name="test_secrets_six_rows" time="0.045" /><testcase classname="backend.tests.test_backend_api.TestOps" name="test_deployments_five" time="0.045" /><testcase classname="backend.tests.test_backend_api.TestOps" name="test_builds_five" time="0.048" /><testcase classname="backend.tests.test_backend_api.TestOps" name="test_books_three" time="0.045" /><testcase classname="backend.tests.test_backend_api.TestOps" name="test_proposals_three" time="0.055" /><testcase classname="backend.tests.test_backend_api.TestOps" name="test_proof_of_work_metrics" time="0.048" /><testcase classname="backend.tests.test_backend_api.TestStats" name="test_stats_includes_sovereign_and_pow" time="0.046" /><testcase classname="backend.tests.test_backend_api.TestMerger" name="test_python_weak_to_strong_yields_upgrade" time="0.046" /><testcase classname="backend.tests.test_backend_api.TestMerger" name="test_bad_syntax_returns_400" time="0.080" /><testcase classname="backend.tests.test_cash_ai.TestCashAI" name="test_last_decision_picks_highest_confidence_open" time="0.127" /><testcase classname="backend.tests.test_cash_ai.TestCashAI" name="test_trigger_cycle_persists_and_returns_id" time="0.046" /><testcase classname="backend.tests.test_cash_ai.TestCashAI" name="test_clear_cache_returns_deleted_count" time="0.045" /><testcase classname="backend.tests.test_cash_ai.TestCashAI" name="test_audit_trail_returns_list" time="0.046" /><testcase classname="backend.tests.test_cash_ai.TestCashAI" name="test_audit_trail_bad_limit_400" time="0.046" /><testcase classname="backend.tests.test_cash_ai.TestPersistence" name="test_execute_persists_run" time="1.955" /><testcase classname="backend.tests.test_cash_ai.TestPersistence" name="test_decide_approval_persists" time="0.159" /><testcase classname="backend.tests.test_distillation" name="test_semantic_compress_collapses_whitespace_and_stopwords" time="0.000" /><testcase classname="backend.tests.test_distillation" name="test_semantic_compress_preserves_code_blocks" time="0.000" /><testcase classname="backend.tests.test_distillation" name="test_cache_key_is_deterministic_and_normalized" time="0.000" /><testcase classname="backend.tests.test_distillation" name="test_cache_key_changes_with_tier" time="0.000" /><testcase classname="backend.tests.test_distillation" name="test_try_parse_json_strips_code_fences" time="0.000" /><testcase classname="backend.tests.test_distillation" name="test_try_parse_json_finds_embedded_object" time="0.001" /><testcase classname="backend.tests.test_distillation" name="test_try_parse_json_returns_text_when_invalid" time="0.000" /><testcase classname="backend.tests.test_distillation" name="test_cheap_tier_returns_json_no_escalation" time="0.030" /><testcase classname="backend.tests.test_distillation" name="test_cache_hit_on_second_call" time="0.024" /><testcase classname="backend.tests.test_distillation" name="test_escalates_when_cheap_flags_requires_expert" time="0.024" /><testcase classname="backend.tests.test_distillation" name="test_escalates_when_cheap_returns_non_json" time="0.029" /><testcase classname="backend.tests.test_distillation" name="test_force_expensive_skips_cheap" time="0.026" /><testcase classname="backend.tests.test_distillation" name="test_stats_aggregates_runs" time="0.024" /><testcase classname="backend.tests.test_distillation_live.TestDistillationStatus" name="test_status_shape" time="0.102" /><testcase classname="backend.tests.test_distillation_live.TestDistillationStats" name="test_stats_shape" time="0.054" /><testcase classname="backend.tests.test_distillation_live.TestDistillationDistill" name="test_empty_prompt_400" time="0.044" /><testcase classname="backend.tests.test_distillation_live.TestDistillationDistill" name="test_classify_returns_full_envelope" time="1.131" /><testcase classname="backend.tests.test_distillation_live.TestDistillationDistill" name="test_cache_hit_on_repeat" time="1.484" /><testcase classname="backend.tests.test_distillation_live.TestAdvisorViaDistiller" name="test_ask_returns_tier" time="1.621" /><testcase classname="backend.tests.test_distillation_live.TestAdvisorViaDistiller" name="test_empty_question_400" time="0.045" /><testcase classname="backend.tests.test_enterprise.TestAutonomy" name="test_get_autonomy_default_or_persisted" time="0.171" /><testcase classname="backend.tests.test_enterprise.TestAutonomy" name="test_set_autonomy_persists" time="0.158" /><testcase classname="backend.tests.test_enterprise.TestAutonomy" name="test_invalid_level_422" time="0.044" /><testcase classname="backend.tests.test_enterprise.TestLifelong" name="test_returns_seeded_issues" time="0.046" /><testcase classname="backend.tests.test_enterprise.TestLifelong" name="test_limit_too_high_returns_400" time="0.043" /><testcase classname="backend.tests.test_enterprise.TestManifest" name="test_manifest_shape" time="0.046" /><testcase classname="backend.tests.test_enterprise.TestAgentRenames" name="test_prime_orchestrator_name" time="0.050" /><testcase classname="backend.tests.test_enterprise.TestAgentRenames" name="test_failure_analysis_agent_name" time="0.047" /><testcase classname="backend.tests.test_launch.TestCheckoutPackages" name="test_lists_3_packages" time="0.101" /><testcase classname="backend.tests.test_launch.TestCheckoutSession" name="test_invalid_package_returns_400" time="0.100" /><testcase classname="backend.tests.test_launch.TestCheckoutSession" name="test_invalid_origin_returns_400" time="0.104" /><testcase classname="backend.tests.test_launch.TestCheckoutSession" name="test_valid_session_returns_stripe_url_and_persists" time="0.818" /><testcase classname="backend.tests.test_launch.TestLaunch" name="test_social_proof_shape" time="0.119" /><testcase classname="backend.tests.test_launch.TestLaunch" name="test_cohort_shape" time="0.103" /><testcase classname="backend.tests.test_launch.TestReferral" name="test_track_bad_code" time="0.105" /><testcase classname="backend.tests.test_launch.TestReferral" name="test_track_and_stats" time="0.142" /><testcase classname="backend.tests.test_launch.TestSubscriptions" name="test_none_for_unknown_email" time="0.109" /></testsuite></testsuites>